<?xml version="1.0" encoding="UTF-8"?>
<testsuite name="org.springframework.samples.petclinic.system.CrashControllerTests" tests="1" skipped="1" failures="0" errors="0" timestamp="2019-10-15T03:04:01" hostname="Matias-W10" time="0.0">
  <properties/>
  <testcase name="testTriggerException" classname="org.springframework.samples.petclinic.system.CrashControllerTests" time="0.0">
    <skipped/>
  </testcase>
  <system-out><![CDATA[2019-10-15 00:04:01.651  INFO 14360 --- [    Test worker] .b.t.a.w.s.WebMvcTestContextBootstrapper : Neither @ContextConfiguration nor @ContextHierarchy found for test class [org.springframework.samples.petclinic.system.CrashControllerTests], using SpringBootContextLoader
2019-10-15 00:04:01.652  INFO 14360 --- [    Test worker] o.s.t.c.support.AbstractContextLoader    : Could not detect default resource locations for test class [org.springframework.samples.petclinic.system.CrashControllerTests]: no resource found for suffixes {-context.xml, Context.groovy}.
2019-10-15 00:04:01.652  INFO 14360 --- [    Test worker] t.c.s.AnnotationConfigContextLoaderUtils : Could not detect default configuration classes for test class [org.springframework.samples.petclinic.system.CrashControllerTests]: CrashControllerTests does not declare any static, non-private, non-final, nested classes annotated with @Configuration.
2019-10-15 00:04:01.659  INFO 14360 --- [    Test worker] .b.t.c.SpringBootTestContextBootstrapper : Found @SpringBootConfiguration org.springframework.samples.petclinic.PetClinicApplication for test class org.springframework.samples.petclinic.system.CrashControllerTests
2019-10-15 00:04:01.659  INFO 14360 --- [    Test worker] .b.t.a.w.s.WebMvcTestContextBootstrapper : Loaded default TestExecutionListener class names from location [META-INF/spring.factories]: [org.springframework.boot.test.autoconfigure.restdocs.RestDocsTestExecutionListener, org.springframework.boot.test.autoconfigure.web.client.MockRestServiceServerResetTestExecutionListener, org.springframework.boot.test.autoconfigure.web.servlet.MockMvcPrintOnlyOnFailureTestExecutionListener, org.springframework.boot.test.autoconfigure.web.servlet.WebDriverTestExecutionListener, org.springframework.boot.test.mock.mockito.MockitoTestExecutionListener, org.springframework.boot.test.mock.mockito.ResetMocksTestExecutionListener, org.springframework.test.context.web.ServletTestExecutionListener, org.springframework.test.context.support.DirtiesContextBeforeModesTestExecutionListener, org.springframework.test.context.support.DependencyInjectionTestExecutionListener, org.springframework.test.context.support.DirtiesContextTestExecutionListener, org.springframework.test.context.transaction.TransactionalTestExecutionListener, org.springframework.test.context.jdbc.SqlScriptsTestExecutionListener]
2019-10-15 00:04:01.660  INFO 14360 --- [    Test worker] .b.t.a.w.s.WebMvcTestContextBootstrapper : Using TestExecutionListeners: [org.springframework.test.context.web.ServletTestExecutionListener@1deb40, org.springframework.test.context.support.DirtiesContextBeforeModesTestExecutionListener@1f650f6, org.springframework.boot.test.mock.mockito.MockitoTestExecutionListener@1a1cb39, org.springframework.boot.test.autoconfigure.SpringBootDependencyInjectionTestExecutionListener@8fe95f, org.springframework.test.context.support.DirtiesContextTestExecutionListener@1774e65, org.springframework.test.context.transaction.TransactionalTestExecutionListener@8fc31d, org.springframework.test.context.jdbc.SqlScriptsTestExecutionListener@1563576, org.springframework.boot.test.autoconfigure.restdocs.RestDocsTestExecutionListener@b0e852, org.springframework.boot.test.autoconfigure.web.client.MockRestServiceServerResetTestExecutionListener@1ed8747, org.springframework.boot.test.autoconfigure.web.servlet.MockMvcPrintOnlyOnFailureTestExecutionListener@16e3d4c, org.springframework.boot.test.autoconfigure.web.servlet.WebDriverTestExecutionListener@1694112, org.springframework.boot.test.mock.mockito.ResetMocksTestExecutionListener@74d0d5]
]]></system-out>
  <system-err><![CDATA[]]></system-err>
</testsuite>
