<?xml version="1.0" encoding="UTF-8"?>
<testsuite name="org.springframework.samples.petclinic.vet.VetControllerTests" tests="2" skipped="0" failures="0" errors="0" timestamp="2019-10-15T03:04:02" hostname="Matias-W10" time="0.17">
  <properties/>
  <testcase name="testShowVetListHtml" classname="org.springframework.samples.petclinic.vet.VetControllerTests" time="0.088"/>
  <testcase name="testShowResourcesVetList" classname="org.springframework.samples.petclinic.vet.VetControllerTests" time="0.082"/>
  <system-out><![CDATA[2019-10-15 00:04:01.662  INFO 14360 --- [    Test worker] .b.t.a.w.s.WebMvcTestContextBootstrapper : Neither @ContextConfiguration nor @ContextHierarchy found for test class [org.springframework.samples.petclinic.vet.VetControllerTests], using SpringBootContextLoader
2019-10-15 00:04:01.662  INFO 14360 --- [    Test worker] o.s.t.c.support.AbstractContextLoader    : Could not detect default resource locations for test class [org.springframework.samples.petclinic.vet.VetControllerTests]: no resource found for suffixes {-context.xml, Context.groovy}.
2019-10-15 00:04:01.662  INFO 14360 --- [    Test worker] t.c.s.AnnotationConfigContextLoaderUtils : Could not detect default configuration classes for test class [org.springframework.samples.petclinic.vet.VetControllerTests]: VetControllerTests does not declare any static, non-private, non-final, nested classes annotated with @Configuration.
2019-10-15 00:04:01.670  INFO 14360 --- [    Test worker] .b.t.c.SpringBootTestContextBootstrapper : Found @SpringBootConfiguration org.springframework.samples.petclinic.PetClinicApplication for test class org.springframework.samples.petclinic.vet.VetControllerTests
2019-10-15 00:04:01.671  INFO 14360 --- [    Test worker] .b.t.a.w.s.WebMvcTestContextBootstrapper : Loaded default TestExecutionListener class names from location [META-INF/spring.factories]: [org.springframework.boot.test.autoconfigure.restdocs.RestDocsTestExecutionListener, org.springframework.boot.test.autoconfigure.web.client.MockRestServiceServerResetTestExecutionListener, org.springframework.boot.test.autoconfigure.web.servlet.MockMvcPrintOnlyOnFailureTestExecutionListener, org.springframework.boot.test.autoconfigure.web.servlet.WebDriverTestExecutionListener, org.springframework.boot.test.mock.mockito.MockitoTestExecutionListener, org.springframework.boot.test.mock.mockito.ResetMocksTestExecutionListener, org.springframework.test.context.web.ServletTestExecutionListener, org.springframework.test.context.support.DirtiesContextBeforeModesTestExecutionListener, org.springframework.test.context.support.DependencyInjectionTestExecutionListener, org.springframework.test.context.support.DirtiesContextTestExecutionListener, org.springframework.test.context.transaction.TransactionalTestExecutionListener, org.springframework.test.context.jdbc.SqlScriptsTestExecutionListener]
2019-10-15 00:04:01.671  INFO 14360 --- [    Test worker] .b.t.a.w.s.WebMvcTestContextBootstrapper : Using TestExecutionListeners: [org.springframework.test.context.web.ServletTestExecutionListener@1b5ddb6, org.springframework.test.context.support.DirtiesContextBeforeModesTestExecutionListener@1f62a6a, org.springframework.boot.test.mock.mockito.MockitoTestExecutionListener@15faedd, org.springframework.boot.test.autoconfigure.SpringBootDependencyInjectionTestExecutionListener@2b7bb1, org.springframework.test.context.support.DirtiesContextTestExecutionListener@1464b2f, org.springframework.test.context.transaction.TransactionalTestExecutionListener@1b197d7, org.springframework.test.context.jdbc.SqlScriptsTestExecutionListener@19cf1fa, org.springframework.boot.test.autoconfigure.restdocs.RestDocsTestExecutionListener@1bfd8b, org.springframework.boot.test.autoconfigure.web.client.MockRestServiceServerResetTestExecutionListener@129d694, org.springframework.boot.test.autoconfigure.web.servlet.MockMvcPrintOnlyOnFailureTestExecutionListener@e7f4c9, org.springframework.boot.test.autoconfigure.web.servlet.WebDriverTestExecutionListener@5adc8e, org.springframework.boot.test.mock.mockito.ResetMocksTestExecutionListener@14a81eb]


              |\      _,,,--,,_
             /,`.-'`'   ._  \-;;,_
  _______ __|,4-  ) )_   .;.(__`'-'__     ___ __    _ ___ _______
 |       | '---''(_/._)-'(_\_)   |   |   |   |  |  | |   |       |
 |    _  |    ___|_     _|       |   |   |   |   |_| |   |       | __ _ _
 |   |_| |   |___  |   | |       |   |   |   |       |   |       | \ \ \ \
 |    ___|    ___| |   | |      _|   |___|   |  _    |   |      _|  \ \ \ \
 |   |   |   |___  |   | |     |_|       |   | | |   |   |     |_    ) ) ) )
 |___|   |_______| |___| |_______|_______|___|_|  |__|___|_______|  / / / /
 ==================================================================/_/_/_/

:: Built with Spring Boot :: 2.1.9.RELEASE


2019-10-15 00:04:01.694  INFO 14360 --- [    Test worker] o.s.s.petclinic.vet.VetControllerTests   : Starting VetControllerTests on Matias-W10 with PID 14360 (started by Matias in C:\Users\Matias\docker\spring-petclinic)
2019-10-15 00:04:01.695  INFO 14360 --- [    Test worker] o.s.s.petclinic.vet.VetControllerTests   : No active profile set, falling back to default profiles: default
2019-10-15 00:04:02.048  INFO 14360 --- [    Test worker] o.s.s.concurrent.ThreadPoolTaskExecutor  : Initializing ExecutorService 'applicationTaskExecutor'
2019-10-15 00:04:02.213  INFO 14360 --- [    Test worker] o.s.b.t.m.w.SpringBootMockServletContext : Initializing Spring TestDispatcherServlet ''
2019-10-15 00:04:02.213  INFO 14360 --- [    Test worker] o.s.t.web.servlet.TestDispatcherServlet  : Initializing Servlet ''
2019-10-15 00:04:02.221  INFO 14360 --- [    Test worker] o.s.t.web.servlet.TestDispatcherServlet  : Completed initialization in 8 ms
2019-10-15 00:04:02.242  INFO 14360 --- [    Test worker] o.s.s.petclinic.vet.VetControllerTests   : Started VetControllerTests in 0.569 seconds (JVM running for 14.373)
]]></system-out>
  <system-err><![CDATA[]]></system-err>
</testsuite>
